{"uuid":"051c0927-84e1-4574-8740-32e0c3e6d29f","historyId":"aa32a4e1f7d27d1b46219d4235020d1","fullName":"test.admin.UserManagementTest.createUserWithEmptyMandatoryField","labels":[{"name":"package","value":"test.admin.UserManagementTest"},{"name":"testClass","value":"test.admin.UserManagementTest"},{"name":"testMethod","value":"createUserWithEmptyMandatoryField"},{"name":"parentSuite","value":"UserManagementSuite"},{"name":"suite","value":"UserManagementTests"},{"name":"subSuite","value":"test.admin.UserManagementTest"},{"name":"host","value":"intern-tthuyen1"},{"name":"thread","value":"11428@intern-tthuyen1.main(1)"},{"name":"framework","value":"testng"},{"name":"language","value":"java"}],"links":[],"name":"Verify error message is displayed when leaving mandatory fields empty","status":"broken","statusDetails":{"known":false,"muted":false,"flaky":false,"message":"Error {\n  message='Error: strict mode violation: locator(\"//span[contains(@class,'input-field-error-message')]\") resolved to 6 elements:\n    1) <span data-v-7b563373=\"\" data-v-957b4417=\"\" class=\"oxd-text oxd-text--span oxd-input-field-error-message oxd-input-group__message\">Required</span> aka getByText(\"Required\", new Page.GetByTextOptions().setExact(true)).first()\n    2) <span data-v-7b563373=\"\" data-v-957b4417=\"\" class=\"oxd-text oxd-text--span oxd-input-field-error-message oxd-input-group__message\">Required</span> aka getByText(\"Required\", new Page.GetByTextOptions().setExact(true)).nth(1)\n    3) <span data-v-7b563373=\"\" data-v-957b4417=\"\" class=\"oxd-text oxd-text--span oxd-input-field-error-message oxd-input-group__message\">Required</span> aka getByText(\"Required\", new Page.GetByTextOptions().setExact(true)).nth(2)\n    4) <span data-v-7b563373=\"\" data-v-957b4417=\"\" class=\"oxd-text oxd-text--span oxd-input-field-error-message oxd-input-group__message\">Required</span> aka getByText(\"Required\", new Page.GetByTextOptions().setExact(true)).nth(3)\n    5) <span data-v-7b563373=\"\" data-v-957b4417=\"\" class=\"oxd-text oxd-text--span oxd-input-field-error-message oxd-input-group__message\">Required</span> aka locator(\"div\").filter(new Locator.FilterOptions().setHasText(Pattern.compile(\"^PasswordRequired$\"))).locator(\"span\")\n    6) <span data-v-7b563373=\"\" data-v-957b4417=\"\" class=\"oxd-text oxd-text--span oxd-input-field-error-message oxd-input-group__message\">Passwords do not match</span> aka getByText(\"Passwords do not match\")\n\n  name='Error\n  stack='Error: Error: strict mode violation: locator(\"//span[contains(@class,'input-field-error-message')]\") resolved to 6 elements:\n    1) <span data-v-7b563373=\"\" data-v-957b4417=\"\" class=\"oxd-text oxd-text--span oxd-input-field-error-message oxd-input-group__message\">Required</span> aka getByText(\"Required\", new Page.GetByTextOptions().setExact(true)).first()\n    2) <span data-v-7b563373=\"\" data-v-957b4417=\"\" class=\"oxd-text oxd-text--span oxd-input-field-error-message oxd-input-group__message\">Required</span> aka getByText(\"Required\", new Page.GetByTextOptions().setExact(true)).nth(1)\n    3) <span data-v-7b563373=\"\" data-v-957b4417=\"\" class=\"oxd-text oxd-text--span oxd-input-field-error-message oxd-input-group__message\">Required</span> aka getByText(\"Required\", new Page.GetByTextOptions().setExact(true)).nth(2)\n    4) <span data-v-7b563373=\"\" data-v-957b4417=\"\" class=\"oxd-text oxd-text--span oxd-input-field-error-message oxd-input-group__message\">Required</span> aka getByText(\"Required\", new Page.GetByTextOptions().setExact(true)).nth(3)\n    5) <span data-v-7b563373=\"\" data-v-957b4417=\"\" class=\"oxd-text oxd-text--span oxd-input-field-error-message oxd-input-group__message\">Required</span> aka locator(\"div\").filter(new Locator.FilterOptions().setHasText(Pattern.compile(\"^PasswordRequired$\"))).locator(\"span\")\n    6) <span data-v-7b563373=\"\" data-v-957b4417=\"\" class=\"oxd-text oxd-text--span oxd-input-field-error-message oxd-input-group__message\">Passwords do not match</span> aka getByText(\"Passwords do not match\")\n\n    at CRExecutionContext.evaluateWithArguments (C:\\Users\\INTERN~1.TTH\\AppData\\Local\\Temp\\playwright-java-4801638038119256869\\package\\lib\\server\\chromium\\crExecutionContext.js:82:33)\n    at async LongStandingScope._race (C:\\Users\\INTERN~1.TTH\\AppData\\Local\\Temp\\playwright-java-4801638038119256869\\package\\lib\\utils\\isomorphic\\manualPromise.js:94:14)\n    at async evaluateExpression (C:\\Users\\INTERN~1.TTH\\AppData\\Local\\Temp\\playwright-java-4801638038119256869\\package\\lib\\server\\javascript.js:228:12)\n    at async Frame.isVisibleInternal (C:\\Users\\INTERN~1.TTH\\AppData\\Local\\Temp\\playwright-java-4801638038119256869\\package\\lib\\server\\frames.js:1152:14)\n    at async C:\\Users\\INTERN~1.TTH\\AppData\\Local\\Temp\\playwright-java-4801638038119256869\\package\\lib\\server\\frames.js:1145:14\n    at async ProgressController.run (C:\\Users\\INTERN~1.TTH\\AppData\\Local\\Temp\\playwright-java-4801638038119256869\\package\\lib\\server\\progress.js:79:22)\n    at async FrameDispatcher.isVisible (C:\\Users\\INTERN~1.TTH\\AppData\\Local\\Temp\\playwright-java-4801638038119256869\\package\\lib\\server\\dispatchers\\frameDispatcher.js:232:14)\n    at async LongStandingScope._race (C:\\Users\\INTERN~1.TTH\\AppData\\Local\\Temp\\playwright-java-4801638038119256869\\package\\lib\\utils\\isomorphic\\manualPromise.js:94:14)\n    at async FrameDispatcher._handleCommand (C:\\Users\\INTERN~1.TTH\\AppData\\Local\\Temp\\playwright-java-4801638038119256869\\package\\lib\\server\\dispatchers\\dispatcher.js:98:14)\n    at async DispatcherConnection.dispatch (C:\\Users\\INTERN~1.TTH\\AppData\\Local\\Temp\\playwright-java-4801638038119256869\\package\\lib\\server\\dispatchers\\dispatcher.js:366:22)\n}\nCall log:\n-     - checking visibility of locator(\"//span[contains(@class,'input-field-error-message')]\")\n","trace":"com.microsoft.playwright.PlaywrightException: Error {\n  message='Error: strict mode violation: locator(\"//span[contains(@class,'input-field-error-message')]\") resolved to 6 elements:\n    1) <span data-v-7b563373=\"\" data-v-957b4417=\"\" class=\"oxd-text oxd-text--span oxd-input-field-error-message oxd-input-group__message\">Required</span> aka getByText(\"Required\", new Page.GetByTextOptions().setExact(true)).first()\n    2) <span data-v-7b563373=\"\" data-v-957b4417=\"\" class=\"oxd-text oxd-text--span oxd-input-field-error-message oxd-input-group__message\">Required</span> aka getByText(\"Required\", new Page.GetByTextOptions().setExact(true)).nth(1)\n    3) <span data-v-7b563373=\"\" data-v-957b4417=\"\" class=\"oxd-text oxd-text--span oxd-input-field-error-message oxd-input-group__message\">Required</span> aka getByText(\"Required\", new Page.GetByTextOptions().setExact(true)).nth(2)\n    4) <span data-v-7b563373=\"\" data-v-957b4417=\"\" class=\"oxd-text oxd-text--span oxd-input-field-error-message oxd-input-group__message\">Required</span> aka getByText(\"Required\", new Page.GetByTextOptions().setExact(true)).nth(3)\n    5) <span data-v-7b563373=\"\" data-v-957b4417=\"\" class=\"oxd-text oxd-text--span oxd-input-field-error-message oxd-input-group__message\">Required</span> aka locator(\"div\").filter(new Locator.FilterOptions().setHasText(Pattern.compile(\"^PasswordRequired$\"))).locator(\"span\")\n    6) <span data-v-7b563373=\"\" data-v-957b4417=\"\" class=\"oxd-text oxd-text--span oxd-input-field-error-message oxd-input-group__message\">Passwords do not match</span> aka getByText(\"Passwords do not match\")\n\n  name='Error\n  stack='Error: Error: strict mode violation: locator(\"//span[contains(@class,'input-field-error-message')]\") resolved to 6 elements:\n    1) <span data-v-7b563373=\"\" data-v-957b4417=\"\" class=\"oxd-text oxd-text--span oxd-input-field-error-message oxd-input-group__message\">Required</span> aka getByText(\"Required\", new Page.GetByTextOptions().setExact(true)).first()\n    2) <span data-v-7b563373=\"\" data-v-957b4417=\"\" class=\"oxd-text oxd-text--span oxd-input-field-error-message oxd-input-group__message\">Required</span> aka getByText(\"Required\", new Page.GetByTextOptions().setExact(true)).nth(1)\n    3) <span data-v-7b563373=\"\" data-v-957b4417=\"\" class=\"oxd-text oxd-text--span oxd-input-field-error-message oxd-input-group__message\">Required</span> aka getByText(\"Required\", new Page.GetByTextOptions().setExact(true)).nth(2)\n    4) <span data-v-7b563373=\"\" data-v-957b4417=\"\" class=\"oxd-text oxd-text--span oxd-input-field-error-message oxd-input-group__message\">Required</span> aka getByText(\"Required\", new Page.GetByTextOptions().setExact(true)).nth(3)\n    5) <span data-v-7b563373=\"\" data-v-957b4417=\"\" class=\"oxd-text oxd-text--span oxd-input-field-error-message oxd-input-group__message\">Required</span> aka locator(\"div\").filter(new Locator.FilterOptions().setHasText(Pattern.compile(\"^PasswordRequired$\"))).locator(\"span\")\n    6) <span data-v-7b563373=\"\" data-v-957b4417=\"\" class=\"oxd-text oxd-text--span oxd-input-field-error-message oxd-input-group__message\">Passwords do not match</span> aka getByText(\"Passwords do not match\")\n\n    at CRExecutionContext.evaluateWithArguments (C:\\Users\\INTERN~1.TTH\\AppData\\Local\\Temp\\playwright-java-4801638038119256869\\package\\lib\\server\\chromium\\crExecutionContext.js:82:33)\n    at async LongStandingScope._race (C:\\Users\\INTERN~1.TTH\\AppData\\Local\\Temp\\playwright-java-4801638038119256869\\package\\lib\\utils\\isomorphic\\manualPromise.js:94:14)\n    at async evaluateExpression (C:\\Users\\INTERN~1.TTH\\AppData\\Local\\Temp\\playwright-java-4801638038119256869\\package\\lib\\server\\javascript.js:228:12)\n    at async Frame.isVisibleInternal (C:\\Users\\INTERN~1.TTH\\AppData\\Local\\Temp\\playwright-java-4801638038119256869\\package\\lib\\server\\frames.js:1152:14)\n    at async C:\\Users\\INTERN~1.TTH\\AppData\\Local\\Temp\\playwright-java-4801638038119256869\\package\\lib\\server\\frames.js:1145:14\n    at async ProgressController.run (C:\\Users\\INTERN~1.TTH\\AppData\\Local\\Temp\\playwright-java-4801638038119256869\\package\\lib\\server\\progress.js:79:22)\n    at async FrameDispatcher.isVisible (C:\\Users\\INTERN~1.TTH\\AppData\\Local\\Temp\\playwright-java-4801638038119256869\\package\\lib\\server\\dispatchers\\frameDispatcher.js:232:14)\n    at async LongStandingScope._race (C:\\Users\\INTERN~1.TTH\\AppData\\Local\\Temp\\playwright-java-4801638038119256869\\package\\lib\\utils\\isomorphic\\manualPromise.js:94:14)\n    at async FrameDispatcher._handleCommand (C:\\Users\\INTERN~1.TTH\\AppData\\Local\\Temp\\playwright-java-4801638038119256869\\package\\lib\\server\\dispatchers\\dispatcher.js:98:14)\n    at async DispatcherConnection.dispatch (C:\\Users\\INTERN~1.TTH\\AppData\\Local\\Temp\\playwright-java-4801638038119256869\\package\\lib\\server\\dispatchers\\dispatcher.js:366:22)\n}\nCall log:\n-     - checking visibility of locator(\"//span[contains(@class,'input-field-error-message')]\")\n\r\n\tat com.microsoft.playwright.impl.WaitableResult.get(WaitableResult.java:56)\r\n\tat com.microsoft.playwright.impl.ChannelOwner.runUntil(ChannelOwner.java:132)\r\n\tat com.microsoft.playwright.impl.Connection.sendMessage(Connection.java:130)\r\n\tat com.microsoft.playwright.impl.ChannelOwner.sendMessage(ChannelOwner.java:118)\r\n\tat com.microsoft.playwright.impl.FrameImpl.isVisibleImpl(FrameImpl.java:641)\r\n\tat com.microsoft.playwright.impl.FrameImpl.lambda$isVisible$29(FrameImpl.java:627)\r\n\tat com.microsoft.playwright.impl.LoggingSupport.withLogging(LoggingSupport.java:47)\r\n\tat com.microsoft.playwright.impl.ChannelOwner.withLogging(ChannelOwner.java:97)\r\n\tat com.microsoft.playwright.impl.FrameImpl.isVisible(FrameImpl.java:627)\r\n\tat com.microsoft.playwright.impl.LocatorImpl.isVisible(LocatorImpl.java:431)\r\n\tat com.microsoft.playwright.Locator.isVisible(Locator.java:4087)\r\n\tat web.pages.admin.UserManagementPage.isErrorMessageDisplayed(UserManagementPage.java:99)\r\n\tat test.admin.UserManagementTest.createUserWithEmptyMandatoryField(UserManagementTest.java:135)\r\n\tat java.base/jdk.internal.reflect.DirectMethodHandleAccessor.invoke(DirectMethodHandleAccessor.java:103)\r\n\tat java.base/java.lang.reflect.Method.invoke(Method.java:580)\r\n\tat org.testng.internal.invokers.MethodInvocationHelper.invokeMethod(MethodInvocationHelper.java:141)\r\n\tat org.testng.internal.invokers.TestInvoker.invokeMethod(TestInvoker.java:687)\r\n\tat org.testng.internal.invokers.TestInvoker.invokeTestMethod(TestInvoker.java:230)\r\n\tat org.testng.internal.invokers.MethodRunner.runInSequence(MethodRunner.java:63)\r\n\tat org.testng.internal.invokers.TestInvoker$MethodInvocationAgent.invoke(TestInvoker.java:995)\r\n\tat org.testng.internal.invokers.TestInvoker.invokeTestMethods(TestInvoker.java:203)\r\n\tat org.testng.internal.invokers.TestMethodWorker.invokeTestMethods(TestMethodWorker.java:154)\r\n\tat org.testng.internal.invokers.TestMethodWorker.run(TestMethodWorker.java:134)\r\n\tat java.base/java.util.ArrayList.forEach(ArrayList.java:1597)\r\n\tat org.testng.TestRunner.privateRun(TestRunner.java:741)\r\n\tat org.testng.TestRunner.run(TestRunner.java:616)\r\n\tat org.testng.SuiteRunner.runTest(SuiteRunner.java:421)\r\n\tat org.testng.SuiteRunner.runSequentially(SuiteRunner.java:413)\r\n\tat org.testng.SuiteRunner.privateRun(SuiteRunner.java:373)\r\n\tat org.testng.SuiteRunner.run(SuiteRunner.java:312)\r\n\tat org.testng.SuiteRunnerWorker.runSuite(SuiteRunnerWorker.java:52)\r\n\tat org.testng.SuiteRunnerWorker.run(SuiteRunnerWorker.java:95)\r\n\tat org.testng.TestNG.runSuitesSequentially(TestNG.java:1274)\r\n\tat org.testng.TestNG.runSuitesLocally(TestNG.java:1208)\r\n\tat org.testng.TestNG.runSuites(TestNG.java:1112)\r\n\tat org.testng.TestNG.run(TestNG.java:1079)\r\n\tat com.intellij.rt.testng.IDEARemoteTestNG.run(IDEARemoteTestNG.java:65)\r\n\tat com.intellij.rt.testng.RemoteTestNGStarter.main(RemoteTestNGStarter.java:105)\r\nCaused by: com.microsoft.playwright.impl.DriverException: Error {\n  message='Error: strict mode violation: locator(\"//span[contains(@class,'input-field-error-message')]\") resolved to 6 elements:\n    1) <span data-v-7b563373=\"\" data-v-957b4417=\"\" class=\"oxd-text oxd-text--span oxd-input-field-error-message oxd-input-group__message\">Required</span> aka getByText(\"Required\", new Page.GetByTextOptions().setExact(true)).first()\n    2) <span data-v-7b563373=\"\" data-v-957b4417=\"\" class=\"oxd-text oxd-text--span oxd-input-field-error-message oxd-input-group__message\">Required</span> aka getByText(\"Required\", new Page.GetByTextOptions().setExact(true)).nth(1)\n    3) <span data-v-7b563373=\"\" data-v-957b4417=\"\" class=\"oxd-text oxd-text--span oxd-input-field-error-message oxd-input-group__message\">Required</span> aka getByText(\"Required\", new Page.GetByTextOptions().setExact(true)).nth(2)\n    4) <span data-v-7b563373=\"\" data-v-957b4417=\"\" class=\"oxd-text oxd-text--span oxd-input-field-error-message oxd-input-group__message\">Required</span> aka getByText(\"Required\", new Page.GetByTextOptions().setExact(true)).nth(3)\n    5) <span data-v-7b563373=\"\" data-v-957b4417=\"\" class=\"oxd-text oxd-text--span oxd-input-field-error-message oxd-input-group__message\">Required</span> aka locator(\"div\").filter(new Locator.FilterOptions().setHasText(Pattern.compile(\"^PasswordRequired$\"))).locator(\"span\")\n    6) <span data-v-7b563373=\"\" data-v-957b4417=\"\" class=\"oxd-text oxd-text--span oxd-input-field-error-message oxd-input-group__message\">Passwords do not match</span> aka getByText(\"Passwords do not match\")\n\n  name='Error\n  stack='Error: Error: strict mode violation: locator(\"//span[contains(@class,'input-field-error-message')]\") resolved to 6 elements:\n    1) <span data-v-7b563373=\"\" data-v-957b4417=\"\" class=\"oxd-text oxd-text--span oxd-input-field-error-message oxd-input-group__message\">Required</span> aka getByText(\"Required\", new Page.GetByTextOptions().setExact(true)).first()\n    2) <span data-v-7b563373=\"\" data-v-957b4417=\"\" class=\"oxd-text oxd-text--span oxd-input-field-error-message oxd-input-group__message\">Required</span> aka getByText(\"Required\", new Page.GetByTextOptions().setExact(true)).nth(1)\n    3) <span data-v-7b563373=\"\" data-v-957b4417=\"\" class=\"oxd-text oxd-text--span oxd-input-field-error-message oxd-input-group__message\">Required</span> aka getByText(\"Required\", new Page.GetByTextOptions().setExact(true)).nth(2)\n    4) <span data-v-7b563373=\"\" data-v-957b4417=\"\" class=\"oxd-text oxd-text--span oxd-input-field-error-message oxd-input-group__message\">Required</span> aka getByText(\"Required\", new Page.GetByTextOptions().setExact(true)).nth(3)\n    5) <span data-v-7b563373=\"\" data-v-957b4417=\"\" class=\"oxd-text oxd-text--span oxd-input-field-error-message oxd-input-group__message\">Required</span> aka locator(\"div\").filter(new Locator.FilterOptions().setHasText(Pattern.compile(\"^PasswordRequired$\"))).locator(\"span\")\n    6) <span data-v-7b563373=\"\" data-v-957b4417=\"\" class=\"oxd-text oxd-text--span oxd-input-field-error-message oxd-input-group__message\">Passwords do not match</span> aka getByText(\"Passwords do not match\")\n\n    at CRExecutionContext.evaluateWithArguments (C:\\Users\\INTERN~1.TTH\\AppData\\Local\\Temp\\playwright-java-4801638038119256869\\package\\lib\\server\\chromium\\crExecutionContext.js:82:33)\n    at async LongStandingScope._race (C:\\Users\\INTERN~1.TTH\\AppData\\Local\\Temp\\playwright-java-4801638038119256869\\package\\lib\\utils\\isomorphic\\manualPromise.js:94:14)\n    at async evaluateExpression (C:\\Users\\INTERN~1.TTH\\AppData\\Local\\Temp\\playwright-java-4801638038119256869\\package\\lib\\server\\javascript.js:228:12)\n    at async Frame.isVisibleInternal (C:\\Users\\INTERN~1.TTH\\AppData\\Local\\Temp\\playwright-java-4801638038119256869\\package\\lib\\server\\frames.js:1152:14)\n    at async C:\\Users\\INTERN~1.TTH\\AppData\\Local\\Temp\\playwright-java-4801638038119256869\\package\\lib\\server\\frames.js:1145:14\n    at async ProgressController.run (C:\\Users\\INTERN~1.TTH\\AppData\\Local\\Temp\\playwright-java-4801638038119256869\\package\\lib\\server\\progress.js:79:22)\n    at async FrameDispatcher.isVisible (C:\\Users\\INTERN~1.TTH\\AppData\\Local\\Temp\\playwright-java-4801638038119256869\\package\\lib\\server\\dispatchers\\frameDispatcher.js:232:14)\n    at async LongStandingScope._race (C:\\Users\\INTERN~1.TTH\\AppData\\Local\\Temp\\playwright-java-4801638038119256869\\package\\lib\\utils\\isomorphic\\manualPromise.js:94:14)\n    at async FrameDispatcher._handleCommand (C:\\Users\\INTERN~1.TTH\\AppData\\Local\\Temp\\playwright-java-4801638038119256869\\package\\lib\\server\\dispatchers\\dispatcher.js:98:14)\n    at async DispatcherConnection.dispatch (C:\\Users\\INTERN~1.TTH\\AppData\\Local\\Temp\\playwright-java-4801638038119256869\\package\\lib\\server\\dispatchers\\dispatcher.js:366:22)\n}\nCall log:\n-     - checking visibility of locator(\"//span[contains(@class,'input-field-error-message')]\")\n\r\n\tat com.microsoft.playwright.impl.Connection.dispatch(Connection.java:259)\r\n\tat com.microsoft.playwright.impl.Connection.processOneMessage(Connection.java:211)\r\n\tat com.microsoft.playwright.impl.ChannelOwner.runUntil(ChannelOwner.java:130)\r\n\t... 36 more\r\n"},"stage":"finished","steps":[],"attachments":[{"name":"onTestFailure_08052025.png","source":"b2d41bf6-464a-4a23-8a80-e05d427ff4e3-attachment.png","type":"img/png"}],"parameters":[{"name":"browser","value":"chromium"}],"start":1746675682440,"stop":1746675706854}